<?xml version="1.0" encoding="UTF-8"?>
<!-- Generated by org.testng.reporters.JUnitXMLReporter -->
<testsuite ignored="0" hostname="John" failures="0" tests="3" name="Default test" time="18.064" errors="0" timestamp="2026-06-23T21:54:07 IST">
  <testcase classname="com.qa.opencart.tests.LoginPageTest" name="loginPageNavigateTest" time="0.548"/>
  <testcase classname="com.qa.opencart.tests.LoginPageTest" name="forgotpwdLinkExistTest" time="0.02"/>
  <testcase classname="com.qa.opencart.tests.LoginPageTest" name="appLoginTest" time="0.387"/>
</testsuite> <!-- Default test -->
