<?xml version="1.0" encoding="UTF-8"?>
<!-- Generated by org.testng.reporters.JUnitXMLReporter -->
<testsuite ignored="0" hostname="John" failures="0" tests="3" name="Open Cart Login Page Test" time="17.695" errors="0" timestamp="2026-06-24T23:38:21 IST">
  <testcase classname="com.qa.opencart.tests.LoginPageTest" name="loginPageNavigateTest" time="0.523"/>
  <testcase classname="com.qa.opencart.tests.LoginPageTest" name="forgotpwdLinkExistTest" time="0.165"/>
  <testcase classname="com.qa.opencart.tests.LoginPageTest" name="appLoginTest" time="0.358"/>
</testsuite> <!-- Open Cart Login Page Test -->
