<?xml version="1.0" encoding="UTF-8"?>
<!-- Generated by org.testng.reporters.JUnitXMLReporter -->
<testsuite ignored="0" hostname="John" failures="0" tests="5" name="Open Cart Home Page Test" time="19.042" errors="0" timestamp="2026-06-24T23:38:22 IST">
  <testcase classname="com.qa.opencart.tests.HomePageTest" name="homePageTitleTest" time="0.014"/>
  <testcase classname="com.qa.opencart.tests.HomePageTest" name="homePageURLTest" time="0.262"/>
  <testcase classname="com.qa.opencart.tests.HomePageTest" name="searchTest" time="0.361"/>
  <testcase classname="com.qa.opencart.tests.HomePageTest" name="searchTest" time="0.449"/>
  <testcase classname="com.qa.opencart.tests.HomePageTest" name="searchTest" time="0.267"/>
</testsuite> <!-- Open Cart Home Page Test -->
