<?xml version="1.0" encoding="UTF-8"?>
<!-- Generated by org.testng.reporters.JUnitReportReporter -->
<testsuite hostname="John" failures="0" tests="3" name="com.qa.opencart.tests.LoginPageTest" time="1.046" errors="0" timestamp="2026-06-24T23:38:22 IST" skipped="0">
  <testcase classname="com.qa.opencart.tests.LoginPageTest" name="loginPageNavigateTest" time="0.523"/>
  <system-out/>
  <testcase classname="com.qa.opencart.tests.LoginPageTest" name="forgotpwdLinkExistTest" time="0.165"/>
  <system-out/>
  <testcase classname="com.qa.opencart.tests.LoginPageTest" name="appLoginTest" time="0.358"/>
  <system-out/>
</testsuite> <!-- com.qa.opencart.tests.LoginPageTest -->
